<?xml version="1.0" encoding="UTF-8"?>
<!-- Generated by org.testng.reporters.JUnitReportReporter -->
<testsuite skipped="3" hostname="LAPTOP-JIBR9C35" name="TestPackage.TestNgAnnotation" tests="6" failures="0" timestamp="29 Dec 2021 10:28:17 GMT" time="0.047" errors="0">
  <testcase name="test" time="0.042" classname="TestPackage.TestNgAnnotation"/>
  <testcase name="test2" time="0.002" classname="TestPackage.TestNgAnnotation"/>
  <testcase name="test3" time="0.003" classname="TestPackage.TestNgAnnotation"/>
  <testcase name="test5" classname="TestPackage.TestNgAnnotation">
    <skipped/>
  </testcase> <!-- test5 -->
  <testcase name="testOfAshish" classname="TestPackage.TestNgAnnotation">
    <skipped/>
  </testcase> <!-- testOfAshish -->
  <testcase name="test4" classname="TestPackage.TestNgAnnotation">
    <skipped/>
  </testcase> <!-- test4 -->
</testsuite> <!-- TestPackage.TestNgAnnotation -->
