<?xml version="1.0" encoding="UTF-8"?>
<!-- Generated by org.testng.reporters.JUnitReportReporter -->
<testsuite skipped="2" hostname="LAPTOP-JIBR9C35" name="TestPackage_part2.TestNgDemo" tests="6" failures="0" timestamp="29 Dec 2021 10:28:17 GMT" time="0.015" errors="0">
  <testcase name="mayur" time="0.003" classname="TestPackage_part2.TestNgDemo"/>
  <testcase name="vinayak" time="0.006" classname="TestPackage_part2.TestNgDemo"/>
  <testcase name="khakre" time="0.002" classname="TestPackage_part2.TestNgDemo"/>
  <testcase name="khakre" time="0.004" classname="TestPackage_part2.TestNgDemo"/>
  <testcase name="test5" classname="TestPackage_part2.TestNgDemo">
    <skipped/>
  </testcase> <!-- test5 -->
  <testcase name="test4" classname="TestPackage_part2.TestNgDemo">
    <skipped/>
  </testcase> <!-- test4 -->
</testsuite> <!-- TestPackage_part2.TestNgDemo -->
